# JRE version: OpenJDK Runtime Environment (11.0.10) (build 11.0.10+0-b96-7249189)
# Java VM: OpenJDK 64-Bit Server VM (11.0.10+0-b96-7249189, mixed mode, tiered, compressed oops, g1 gc, windows-amd64)
Heap:
 garbage-first heap   total 522240K, used 348260K [0x0000000080000000, 0x0000000100000000)
  region size 1024K, 284 young (290816K), 36 survivors (36864K)
 Metaspace       used 87810K, capacity 90490K, committed 90700K, reserved 1128448K
  class space    used 11511K, capacity 12519K, committed 12620K, reserved 1048576K
GC Heap History (14 events):
Event: 0.460 GC heap before
{Heap before GC invocations=0 (full 0):
 garbage-first heap   total 522240K, used 31744K [0x0000000080000000, 0x0000000100000000)
  region size 1024K, 25 young (25600K), 0 survivors (0K)
 Metaspace       used 10200K, capacity 10363K, committed 10624K, reserved 1058816K
  class space    used 1065K, capacity 1141K, committed 1152K, reserved 1048576K
}
Event: 0.463 GC heap after
{Heap after GC invocations=1 (full 0):
 garbage-first heap   total 522240K, used 9521K [0x0000000080000000, 0x0000000100000000)
  region size 1024K, 4 young (4096K), 4 survivors (4096K)
 Metaspace       used 10200K, capacity 10363K, committed 10624K, reserved 1058816K
  class space    used 1065K, capacity 1141K, committed 1152K, reserved 1048576K
}
Event: 1.540 GC heap before
{Heap before GC invocations=1 (full 0):
 garbage-first heap   total 522240K, used 104753K [0x0000000080000000, 0x0000000100000000)
  region size 1024K, 98 young (100352K), 4 survivors (4096K)
 Metaspace       used 20611K, capacity 21147K, committed 21248K, reserved 1067008K
  class space    used 2528K, capacity 2729K, committed 2816K, reserved 1048576K
}
Event: 1.547 GC heap after
{Heap after GC invocations=2 (full 0):
 garbage-first heap   total 522240K, used 16714K [0x0000000080000000, 0x0000000100000000)
  region size 1024K, 12 young (12288K), 12 survivors (12288K)
 Metaspace       used 20611K, capacity 21147K, committed 21248K, reserved 1067008K
  class space    used 2528K, capacity 2729K, committed 2816K, reserved 1048576K
}
Event: 1.830 GC heap before
{Heap before GC invocations=3 (full 0):
 garbage-first heap   total 522240K, used 52554K [0x0000000080000000, 0x0000000100000000)
  region size 1024K, 48 young (49152K), 12 survivors (12288K)
 Metaspace       used 24140K, capacity 24702K, committed 24832K, reserved 1071104K
  class space    used 3113K, capacity 3321K, committed 3328K, reserved 1048576K
}
Event: 1.835 GC heap after
{Heap after GC invocations=4 (full 0):
 garbage-first heap   total 522240K, used 18098K [0x0000000080000000, 0x0000000100000000)
  region size 1024K, 2 young (2048K), 2 survivors (2048K)
 Metaspace       used 24140K, capacity 24702K, committed 24832K, reserved 1071104K
  class space    used 3113K, capacity 3321K, committed 3328K, reserved 1048576K
}
Event: 2.647 GC heap before
{Heap before GC invocations=4 (full 0):
 garbage-first heap   total 522240K, used 91826K [0x0000000080000000, 0x0000000100000000)
  region size 1024K, 76 young (77824K), 2 survivors (2048K)
 Metaspace       used 35044K, capacity 35830K, committed 35840K, reserved 1081344K
  class space    used 4543K, capacity 4864K, committed 4864K, reserved 1048576K
}
Event: 2.652 GC heap after
{Heap after GC invocations=5 (full 0):
 garbage-first heap   total 522240K, used 22016K [0x0000000080000000, 0x0000000100000000)
  region size 1024K, 6 young (6144K), 6 survivors (6144K)
 Metaspace       used 35044K, capacity 35830K, committed 35840K, reserved 1081344K
  class space    used 4543K, capacity 4864K, committed 4864K, reserved 1048576K
}
Event: 3.584 GC heap before
{Heap before GC invocations=6 (full 0):
 garbage-first heap   total 522240K, used 142848K [0x0000000080000000, 0x0000000100000000)
  region size 1024K, 121 young (123904K), 6 survivors (6144K)
 Metaspace       used 44441K, capacity 45568K, committed 45900K, reserved 1089536K
  class space    used 5711K, capacity 6116K, committed 6220K, reserved 1048576K
}
Event: 3.590 GC heap after
{Heap after GC invocations=7 (full 0):
 garbage-first heap   total 522240K, used 28751K [0x0000000080000000, 0x0000000100000000)
  region size 1024K, 12 young (12288K), 12 survivors (12288K)
 Metaspace       used 44441K, capacity 45568K, committed 45900K, reserved 1089536K
  class space    used 5711K, capacity 6116K, committed 6220K, reserved 1048576K
}
Event: 5.163 GC heap before
{Heap before GC invocations=7 (full 0):
 garbage-first heap   total 522240K, used 171087K [0x0000000080000000, 0x0000000100000000)
  region size 1024K, 148 young (151552K), 12 survivors (12288K)
 Metaspace       used 58359K, capacity 59985K, committed 60236K, reserved 1101824K
  class space    used 7427K, capacity 7982K, committed 8012K, reserved 1048576K
}
Event: 5.187 GC heap after
{Heap after GC invocations=8 (full 0):
 garbage-first heap   total 522240K, used 44335K [0x0000000080000000, 0x0000000100000000)
  region size 1024K, 24 young (24576K), 24 survivors (24576K)
 Metaspace       used 58359K, capacity 59985K, committed 60236K, reserved 1101824K
  class space    used 7427K, capacity 7982K, committed 8012K, reserved 1048576K
}
Event: 7.718 GC heap before
{Heap before GC invocations=9 (full 0):
 garbage-first heap   total 522240K, used 312623K [0x0000000080000000, 0x0000000100000000)
  region size 1024K, 286 young (292864K), 24 survivors (24576K)
 Metaspace       used 79404K, capacity 81795K, committed 82124K, reserved 1120256K
  class space    used 10513K, capacity 11390K, committed 11468K, reserved 1048576K
}
Event: 7.734 GC heap after
{Heap after GC invocations=10 (full 0):
 garbage-first heap   total 522240K, used 62564K [0x0000000080000000, 0x0000000100000000)
  region size 1024K, 36 young (36864K), 36 survivors (36864K)
 Metaspace       used 79404K, capacity 81795K, committed 82124K, reserved 1120256K
  class space    used 10513K, capacity 11390K, committed 11468K, reserved 1048576K
}

